<?xml version="1.0" encoding="UTF-8" ?>
<testsuite errors="0" failures="0" hostname="christoph-HP-Spectre-x360-Convertible" name="core.phase_3" tests="180" time="73.6656" timestamp="2018-05-31T21:30:51+00:00">
  <properties>
    <property name="os.arch" value="x86_64" />
    <property name="os.name" value="Linux" />
    <property name="os.version" value="4.13.0-43-generic" />
    <property name="user.home" value="/home/christoph" />
    <property name="user.name" value="christoph" />
  </properties>
  <testcase classname="core.unittests" name="issue-463.sli" time="0.159922" />
  <testcase classname="core.unittests" name="issue-565.sli" time="0.164571" />
  <testcase classname="core.unittests" name="model_node_init.sli" time="0.171525" />
  <testcase classname="core.unittests" name="test_ac_generator.sli" time="0.147533" />
  <testcase classname="core.unittests" name="test_add_freeze_thaw.sli" time="0.164416" />
  <testcase classname="core.unittests" name="test_aeif_cond_alpha_multisynapse.sli" time="0.127305" />
  <testcase classname="core.unittests" name="test_aeif_cond_beta_multisynapse.sli" time="0.137776" />
  <testcase classname="core.unittests" name="test_amat2_psc_exp.sli" time="0.18749" />
  <testcase classname="core.unittests" name="test_bernoulli_synapse.sli" time="0.322225" />
  <testcase classname="core.unittests" name="test_binary.sli" time="0.235764" />
  <testcase classname="core.unittests" name="test_common_props_setting.sli" time="0.148111" />
  <testcase classname="core.unittests" name="test_compare_delta.sli" time="0.150593" />
  <testcase classname="core.unittests" name="test_connect.sli" time="1.55944" />
  <testcase classname="core.unittests" name="test_cont_delay_synapse.sli" time="0.190244" />
  <testcase classname="core.unittests" name="test_copymodel.sli" time="0.131342" />
  <testcase classname="core.unittests" name="test_corr_det.sli" time="0.251848" />
  <testcase classname="core.unittests" name="test_correlospinmatrix_detector.sli" time="0.152916" />
  <testcase classname="core.unittests" name="test_corr_matrix_det.sli" time="0.277083" />
  <testcase classname="core.unittests" name="test_count_connections.sli" time="0.169703" />
  <testcase classname="core.unittests" name="test_cva.sli" time="0.130829" />
  <testcase classname="core.unittests" name="test_cvi.sli" time="0.127352" />
  <testcase classname="core.unittests" name="test_DataConnect.sli" time="0.141837" />
  <testcase classname="core.unittests" name="test_dcgen_versus_I_e.sli" time="1.14177" />
  <testcase classname="core.unittests" name="test_default_delays_weights.sli" time="0.143243" />
  <testcase classname="core.unittests" name="test_delay_after_res_change.sli" time="0.124417" />
  <testcase classname="core.unittests" name="test_delay_check.sli" time="0.126241" />
  <testcase classname="core.unittests" name="test_dirname.sli" time="0.126277" />
  <testcase classname="core.unittests" name="test_DoubleVector_IntVector.sli" time="0.133858" />
  <testcase classname="core.unittests" name="test_fast_operators.sli" time="0.210274" />
  <testcase classname="core.unittests" name="test_gamma_sup_generator.sli" time="0.376515" />
  <testcase classname="core.unittests" name="test_gap_junction.sli" time="0.123933" />
  <testcase classname="core.unittests" name="test_GetConnections.sli" time="0.268341" />
  <testcase classname="core.unittests" name="test_getnodes.sli" time="0.131009" />
  <testcase classname="core.unittests" name="test_gif_cond_exp_multisynapse.sli" time="0.129449" />
  <testcase classname="core.unittests" name="test_gif_cond_exp.sli" time="0.124646" />
  <testcase classname="core.unittests" name="test_gif_psc_exp_multisynapse.sli" time="0.237296" />
  <testcase classname="core.unittests" name="test_gif_psc_exp.sli" time="0.222646" />
  <testcase classname="core.unittests" name="test_hh_cond_exp_traub.sli" time="0.127766" />
  <testcase classname="core.unittests" name="test_hh_psc_alpha_gap.sli" time="0.126686" />
  <testcase classname="core.unittests" name="test_hpc_synapse.sli" time="2.02313" />
  <testcase classname="core.unittests" name="test_iaf_1to2_default_delay.sli" time="0.243828" />
  <testcase classname="core.unittests" name="test_iaf_1to2_ex.sli" time="0.206655" />
  <testcase classname="core.unittests" name="test_iaf_1to2.sli" time="0.231722" />
  <testcase classname="core.unittests" name="test_iaf_dc_aligned_automatic.sli" time="0.231632" />
  <testcase classname="core.unittests" name="test_iaf_dc_aligned_delay.sli" time="0.239661" />
  <testcase classname="core.unittests" name="test_iaf_dc_aligned.sli" time="0.24114" />
  <testcase classname="core.unittests" name="test_iaf_dc_aligned_stop.sli" time="0.247928" />
  <testcase classname="core.unittests" name="test_iaf_dc.sli" time="0.150752" />
  <testcase classname="core.unittests" name="test_iaf_fudge.sli" time="0.153572" />
  <testcase classname="core.unittests" name="test_iaf_i0_refractory.sli" time="0.232055" />
  <testcase classname="core.unittests" name="test_iaf_i0.sli" time="0.168146" />
  <testcase classname="core.unittests" name="test_iaf_min_delay_create.sli" time="0.321193" />
  <testcase classname="core.unittests" name="test_iaf_min_delay_set.sli" time="0.360033" />
  <testcase classname="core.unittests" name="test_iaf_min_delay_simblocks.sli" time="0.33452" />
  <testcase classname="core.unittests" name="test_iaf_psc_alpha_multisynapse.sli" time="0.227934" />
  <testcase classname="core.unittests" name="test_iaf_psc_exp_multisynapse.sli" time="0.158826" />
  <testcase classname="core.unittests" name="test_iaf_psc_exp.sli" time="0.161394" />
  <testcase classname="core.unittests" name="test_iaf_ps_dc_accuracy.sli" time="20.4932" />
  <testcase classname="core.unittests" name="test_iaf_ps_dc_t_accuracy.sli" time="1.81714" />
  <testcase classname="core.unittests" name="test_iaf_psp_normalized.sli" time="0.148715" />
  <testcase classname="core.unittests" name="test_iaf_psp_peak.sli" time="0.132565" />
  <testcase classname="core.unittests" name="test_iaf_psp.sli" time="0.237822" />
  <testcase classname="core.unittests" name="test_iaf_ps_psp_accuracy.sli" time="0.371446" />
  <testcase classname="core.unittests" name="test_iaf_ps_psp_poisson_accuracy.sli" time="0.193529" />
  <testcase classname="core.unittests" name="test_iaf_ps_psp_poisson_generator_accuracy.sli" time="0.304862" />
  <testcase classname="core.unittests" name="test_iaf_ps_psp_poisson_spike_accuracy.sli" time="0.28781" />
  <testcase classname="core.unittests" name="test_iaf.sli" time="0.164849" />
  <testcase classname="core.unittests" name="test_inh_stdp_synapse.sli" time="0.278048" />
  <testcase classname="core.unittests" name="test_lambertw.sli" time="0.146296" />
  <testcase classname="core.unittests" name="test_MapIndexed.sli" time="0.133435" />
  <testcase classname="core.unittests" name="test_Map.sli" time="0.134776" />
  <testcase classname="core.unittests" name="test_mat2_psc_exp.sli" time="0.159274" />
  <testcase classname="core.unittests" name="test_max_delay.sli" time="0.125409" />
  <testcase classname="core.unittests" name="test_message.sli" time="0.126296" />
  <testcase classname="core.unittests" name="test_min_delay.sli" time="0.12287" />
  <testcase classname="core.unittests" name="test_min_delay_tics_reset.sli" time="0.191825" />
  <testcase classname="core.unittests" name="test_mip_corrdet.sli" time="0.369737" />
  <testcase classname="core.unittests" name="test_multimeter_accu.sli" time="0.1212" />
  <testcase classname="core.unittests" name="test_multimeter_freeze_thaw.sli" time="0.202097" />
  <testcase classname="core.unittests" name="test_multimeter_offset.sli" time="0.1826" />
  <testcase classname="core.unittests" name="test_multimeter.sli" time="1.12186" />
  <testcase classname="core.unittests" name="test_multimeter_stepping.sli" time="1.19516" />
  <testcase classname="core.unittests" name="test_multimeter_support.sli" time="0.523101" />
  <testcase classname="core.unittests" name="test_multiple_multimeter.sli" time="0.970941" />
  <testcase classname="core.unittests" name="test_multiple_random_source_stepping.sli" time="0.165149" />
  <testcase classname="core.unittests" name="test_multisynapse_models.sli" time="0.163664" />
  <testcase classname="core.unittests" name="test_multithreading_devices.sli" time="0.19821" />
  <testcase classname="core.unittests" name="test_multithreading.sli" time="0.21328" />
  <testcase classname="core.unittests" name="test_neurons_handle_multiplicity.sli" time="0.477056" />
  <testcase classname="core.unittests" name="test_noise_generator.sli" time="0.584069" />
  <testcase classname="core.unittests" name="test_poisson_generator_campbell_alpha.sli" time="1.17157" />
  <testcase classname="core.unittests" name="test_poisson_generator_ps.sli" time="0.133306" />
  <testcase classname="core.unittests" name="test_poisson_ps_intervals.sli" time="0.326855" />
  <testcase classname="core.unittests" name="test_poisson_ps_min_interval.sli" time="0.302332" />
  <testcase classname="core.unittests" name="test_ppd_sup_generator.sli" time="0.33772" />
  <testcase classname="core.unittests" name="test_pp_pop_psc_delta.sli" time="6.35557" />
  <testcase classname="core.unittests" name="test_pp_psc_delta.sli" time="1.48417" />
  <testcase classname="core.unittests" name="test_psp_amplitude_consistency.sli" time="0.134028" />
  <testcase classname="core.unittests" name="test_pulsepacket_generator.sli" time="0.210121" />
  <testcase classname="core.unittests" name="test_random_binomial.sli" time="0.287276" />
  <testcase classname="core.unittests" name="test_random_clipped.sli" time="0.167764" />
  <testcase classname="core.unittests" name="test_random.sli" time="0.189462" />
  <testcase classname="core.unittests" name="test_rate_connections.sli" time="0.126334" />
  <testcase classname="core.unittests" name="test_rdv_discreteness.sli" time="0.130383" />
  <testcase classname="core.unittests" name="test_rdv_param_setting.sli" time="0.12706" />
  <testcase classname="core.unittests" name="test_recorder_close_flush.sli" time="0.201598" />
  <testcase classname="core.unittests" name="test_rng_seeds.sli" time="0.352575" />
  <testcase classname="core.unittests" name="test_round.sli" time="0.126902" />
  <testcase classname="core.unittests" name="test_setconnections_threads.sli" time="0.156972" />
  <testcase classname="core.unittests" name="test_set_delay_extrema.sli" time="0.148359" />
  <testcase classname="core.unittests" name="test_set_start_stop_origin.sli" time="0.32241" />
  <testcase classname="core.unittests" name="test_set_tics.sli" time="0.133135" />
  <testcase classname="core.unittests" name="test_set_Vm.sli" time="0.916772" />
  <testcase classname="core.unittests" name="test_sinusoidal_gamma_generator.sli" time="0.121111" />
  <testcase classname="core.unittests" name="test_sinusoidal_poisson_generator.sli" time="0.48455" />
  <testcase classname="core.unittests" name="test_sli_neuron.sli" time="0.162051" />
  <testcase classname="core.unittests" name="test_sort.sli" time="0.126549" />
  <testcase classname="core.unittests" name="test_spike_detector.sli" time="0.287272" />
  <testcase classname="core.unittests" name="test_spike_det_reset.sli" time="0.144926" />
  <testcase classname="core.unittests" name="test_spike_dilutor.sli" time="0.147788" />
  <testcase classname="core.unittests" name="test_spike_generator.sli" time="0.617269" />
  <testcase classname="core.unittests" name="test_spike_poisson_ps_base2.sli" time="0.877179" />
  <testcase classname="core.unittests" name="test_spike_poisson_ps.sli" time="0.229552" />
  <testcase classname="core.unittests" name="test_spike_transmission_ps_iaf.sli" time="0.179711" />
  <testcase classname="core.unittests" name="test_spike_transmission_ps.sli" time="0.16865" />
  <testcase classname="core.unittests" name="test_spin_detector.sli" time="0.266788" />
  <testcase classname="core.unittests" name="test_stdp_synapse.sli" time="0.287759" />
  <testcase classname="core.unittests" name="test_step_current_generator.sli" time="0.225707" />
  <testcase classname="core.unittests" name="test_steppedsim.sli" time="0.162356" />
  <testcase classname="core.unittests" name="test_supports_precise_spikes_flag.sli" time="0.129329" />
  <testcase classname="core.unittests" name="test_symmetric_connections.sli" time="0.234907" />
  <testcase classname="core.unittests" name="test_syn_hom_w.sli" time="0.169025" />
  <testcase classname="core.unittests" name="test_thread_local_ids.sli" time="0.214355" />
  <testcase classname="core.unittests" name="test_time_input.sli" time="0.14658" />
  <testcase classname="core.unittests" name="test_tsodyks_depressing.sli" time="0.229358" />
  <testcase classname="core.unittests" name="test_tsodyks_facilitating.sli" time="0.215653" />
  <testcase classname="core.unittests" name="test_two_devices.sli" time="0.166742" />
  <testcase classname="core.unittests" name="test_voltmeter_reset.sli" time="0.137818" />
  <testcase classname="core.unittests" name="test_wfr_settings.sli" time="0.202408" />
  <testcase classname="core.topology.unittests" name="test_distance.sli" time="0.219135" />
  <testcase classname="core.topology.unittests" name="test_free_mask_circ_anchor_00.sli" time="0.152677" />
  <testcase classname="core.topology.unittests" name="test_free_mask_circ_anchor_01.sli" time="0.142681" />
  <testcase classname="core.topology.unittests" name="test_free_mask_circ_anchor_10.sli" time="0.149788" />
  <testcase classname="core.topology.unittests" name="test_free_mask_circ_anchor_11.sli" time="0.159174" />
  <testcase classname="core.topology.unittests" name="test_free_mask_donut_anchor_00.sli" time="0.143139" />
  <testcase classname="core.topology.unittests" name="test_free_mask_donut_anchor_01.sli" time="0.138564" />
  <testcase classname="core.topology.unittests" name="test_free_mask_donut_anchor_10.sli" time="0.148225" />
  <testcase classname="core.topology.unittests" name="test_free_mask_donut_anchor_11.sli" time="0.143572" />
  <testcase classname="core.topology.unittests" name="test_free_mask_rect_00.sli" time="0.143433" />
  <testcase classname="core.topology.unittests" name="test_free_mask_rect_01.sli" time="0.147118" />
  <testcase classname="core.topology.unittests" name="test_free_mask_rect_11.sli" time="0.153841" />
  <testcase classname="core.topology.unittests" name="test_free_mask_rect_13.sli" time="0.14746" />
  <testcase classname="core.topology.unittests" name="test_oversize_mask.sli" time="0.316917" />
  <testcase classname="core.topology.unittests" name="test_reg_mask_circ_anchor_00.sli" time="0.15306" />
  <testcase classname="core.topology.unittests" name="test_reg_mask_circ_anchor_01.sli" time="0.150551" />
  <testcase classname="core.topology.unittests" name="test_reg_mask_circ_anchor_10.sli" time="0.15103" />
  <testcase classname="core.topology.unittests" name="test_reg_mask_circ_anchor_11.sli" time="0.145592" />
  <testcase classname="core.topology.unittests" name="test_reg_mask_donut_anchor_00.sli" time="0.150073" />
  <testcase classname="core.topology.unittests" name="test_reg_mask_donut_anchor_01.sli" time="0.141634" />
  <testcase classname="core.topology.unittests" name="test_reg_mask_donut_anchor_10.sli" time="0.151803" />
  <testcase classname="core.topology.unittests" name="test_reg_mask_donut_anchor_11.sli" time="0.150313" />
  <testcase classname="core.topology.unittests" name="test_reg_mask_grid_anchor_00.sli" time="0.142212" />
  <testcase classname="core.topology.unittests" name="test_reg_mask_grid_anchor_01.sli" time="0.14684" />
  <testcase classname="core.topology.unittests" name="test_reg_mask_grid_anchor_02.sli" time="0.14471" />
  <testcase classname="core.topology.unittests" name="test_reg_mask_grid_anchor_03.sli" time="0.154635" />
  <testcase classname="core.topology.unittests" name="test_reg_mask_grid_anchor_04.sli" time="0.140913" />
  <testcase classname="core.topology.unittests" name="test_reg_mask_grid_anchor_05.sli" time="0.148095" />
  <testcase classname="core.topology.unittests" name="test_reg_mask_grid_anchor_06.sli" time="0.18406" />
  <testcase classname="core.topology.unittests" name="test_reg_mask_grid_anchor_10.sli" time="0.144696" />
  <testcase classname="core.topology.unittests" name="test_reg_mask_grid_anchor_11.sli" time="0.157377" />
  <testcase classname="core.topology.unittests" name="test_reg_mask_grid_anchor_13.sli" time="0.144591" />
  <testcase classname="core.topology.unittests" name="test_reg_mask_grid_anchor_15.sli" time="0.140687" />
  <testcase classname="core.topology.unittests" name="test_reg_mask_rect_00.sli" time="0.140005" />
  <testcase classname="core.topology.unittests" name="test_reg_mask_rect_01.sli" time="0.149626" />
  <testcase classname="core.topology.unittests" name="test_reg_mask_rect_02.sli" time="0.143209" />
  <testcase classname="core.topology.unittests" name="test_reg_mask_rect_10.sli" time="0.1466" />
  <testcase classname="core.topology.unittests" name="test_reg_mask_rect_11.sli" time="0.146169" />
  <testcase classname="core.topology.unittests" name="test_rows_cols_pos.sli" time="0.202715" />
  <testcase classname="core.topology.unittests" name="test_weight_delay_free.sli" time="0.147132" />
  <testcase classname="core.topology.unittests" name="test_weight_delay.sli" time="0.146776" />
  <system-out><![CDATA[]]></system-out>
  <system-err><![CDATA[]]></system-err>
</testsuite>
